This file contains any messages produced by compilers while
running configure, to aid debugging if configure makes a mistake.

It was created by gstCamera1502 configure 1.0, which was
generated by GNU Autoconf 2.69.  Invocation command line was

  $ ../configure --host=arm-none-linux-gnueabihf PATH=/home/dig/nanoPiFire2A/tools/4.9.3/bin/:/home/dig/bin:/home/dig/nanoPiFire2A/tools/4.9.3/bin/:/usr/local/lib/nodejs/bin/:/home/dig/.local/bin:/home/dig/bin:/usr/local/sbin:/usr/local/bin:/usr/sbin:/usr/bin:/sbin:/bin:/usr/games:/usr/local/games:/snap/bin

## --------- ##
## Platform. ##
## --------- ##

hostname = dig-desktop
uname -m = x86_64
uname -r = 4.15.0-51-generic
uname -s = Linux
uname -v = #55-Ubuntu SMP Wed May 15 14:27:21 UTC 2019

/usr/bin/uname -p = unknown
/bin/uname -X     = unknown

/bin/arch              = unknown
/usr/bin/arch -k       = unknown
/usr/convex/getsysinfo = unknown
/usr/bin/hostinfo      = unknown
/bin/machine           = unknown
/usr/bin/oslevel       = unknown
/bin/universe          = unknown

PATH: /home/dig/nanoPiFire2A/tools/4.9.3/bin/
PATH: /home/dig/bin
PATH: /home/dig/nanoPiFire2A/tools/4.9.3/bin/
PATH: /usr/local/lib/nodejs/bin/
PATH: /home/dig/.local/bin
PATH: /home/dig/bin
PATH: /usr/local/sbin
PATH: /usr/local/bin
PATH: /usr/sbin
PATH: /usr/bin
PATH: /sbin
PATH: /bin
PATH: /usr/games
PATH: /usr/local/games
PATH: /snap/bin


## ----------- ##
## Core tests. ##
## ----------- ##

configure:1848: checking build system type
configure:1862: result: x86_64-pc-linux-gnu
configure:1882: checking host system type
configure:1895: result: arm-none-linux-gnueabihf
configure:1915: checking target system type
configure:1928: result: arm-none-linux-gnueabihf
configure:1971: checking for a BSD-compatible install
configure:2039: result: /usr/bin/install -c
configure:2050: checking whether build environment is sane
configure:2105: result: yes
configure:2164: checking for arm-none-linux-gnueabihf-strip
configure:2180: found /home/dig/nanoPiFire2A/tools/4.9.3/bin//arm-none-linux-gnueabihf-strip
configure:2191: result: arm-none-linux-gnueabihf-strip
configure:2256: checking for a thread-safe mkdir -p
configure:2295: result: /bin/mkdir -p
configure:2302: checking for gawk
configure:2318: found /usr/bin/gawk
configure:2329: result: gawk
configure:2340: checking whether make sets $(MAKE)
configure:2362: result: yes
configure:2391: checking whether make supports nested variables
configure:2408: result: yes
configure:2425: error: source directory already configured; run "make distclean" there first

## ---------------- ##
## Cache variables. ##
## ---------------- ##

ac_cv_build=x86_64-pc-linux-gnu
ac_cv_env_CC_set=
ac_cv_env_CC_value=
ac_cv_env_CFLAGS_set=
ac_cv_env_CFLAGS_value=
ac_cv_env_CPPFLAGS_set=
ac_cv_env_CPPFLAGS_value=
ac_cv_env_LDFLAGS_set=
ac_cv_env_LDFLAGS_value=
ac_cv_env_LIBS_set=
ac_cv_env_LIBS_value=
ac_cv_env_build_alias_set=
ac_cv_env_build_alias_value=
ac_cv_env_host_alias_set=set
ac_cv_env_host_alias_value=arm-none-linux-gnueabihf
ac_cv_env_target_alias_set=
ac_cv_env_target_alias_value=
ac_cv_host=arm-none-linux-gnueabihf
ac_cv_path_install='/usr/bin/install -c'
ac_cv_path_mkdir=/bin/mkdir
ac_cv_prog_AWK=gawk
ac_cv_prog_STRIP=arm-none-linux-gnueabihf-strip
ac_cv_prog_make_make_set=yes
ac_cv_target=arm-none-linux-gnueabihf
am_cv_make_support_nested_variables=yes

## ----------------- ##
## Output variables. ##
## ----------------- ##

ACLOCAL=''
AMDEPBACKSLASH=''
AMDEP_FALSE=''
AMDEP_TRUE=''
AMTAR=''
AM_BACKSLASH='\'
AM_DEFAULT_V='$(AM_DEFAULT_VERBOSITY)'
AM_DEFAULT_VERBOSITY='1'
AM_V='$(V)'
AUTOCONF=''
AUTOHEADER=''
AUTOMAKE=''
AWK='gawk'
CC=''
CCDEPMODE=''
CFLAGS=' -std=c11'
CPPFLAGS=''
CYGPATH_W=''
DEFS=''
DEPDIR=''
ECHO_C=''
ECHO_N='-n'
ECHO_T=''
EXEEXT=''
INSTALL_DATA='${INSTALL} -m 644'
INSTALL_PROGRAM='${INSTALL}'
INSTALL_SCRIPT='${INSTALL}'
INSTALL_STRIP_PROGRAM='$(install_sh) -c -s'
LDFLAGS=''
LIBOBJS=''
LIBS=''
LTLIBOBJS=''
MAKEINFO=''
MKDIR_P='/bin/mkdir -p'
OBJEXT=''
PACKAGE=''
PACKAGE_BUGREPORT=''
PACKAGE_NAME='gstCamera1502'
PACKAGE_STRING='gstCamera1502 1.0'
PACKAGE_TARNAME='gstcamera1502'
PACKAGE_URL=''
PACKAGE_VERSION='1.0'
PATH_SEPARATOR=':'
SET_MAKE=''
SHELL='/bin/bash'
STRIP='arm-none-linux-gnueabihf-strip'
VERSION=''
ac_ct_CC=''
am__EXEEXT_FALSE=''
am__EXEEXT_TRUE=''
am__fastdepCC_FALSE=''
am__fastdepCC_TRUE=''
am__include=''
am__isrc=' -I$(srcdir)'
am__leading_dot='.'
am__nodep=''
am__quote=''
am__tar=''
am__untar=''
bindir='${exec_prefix}/bin'
build='x86_64-pc-linux-gnu'
build_alias=''
build_cpu='x86_64'
build_os='linux-gnu'
build_vendor='pc'
datadir='${datarootdir}'
datarootdir='${prefix}/share'
docdir='${datarootdir}/doc/${PACKAGE_TARNAME}'
dvidir='${docdir}'
exec_prefix='NONE'
host='arm-none-linux-gnueabihf'
host_alias='arm-none-linux-gnueabihf'
host_cpu='arm'
host_os='linux-gnueabihf'
host_vendor='none'
htmldir='${docdir}'
includedir='${prefix}/include'
infodir='${datarootdir}/info'
install_sh='${SHELL} /home/dig/nanoPiFire2A/eclipseWorkspace/intercomCamera/install-sh'
libdir='${exec_prefix}/lib'
libexecdir='${exec_prefix}/libexec'
localedir='${datarootdir}/locale'
localstatedir='${prefix}/var'
mandir='${datarootdir}/man'
mkdir_p=''
oldincludedir='/usr/include'
pdfdir='${docdir}'
prefix='NONE'
program_transform_name='s,x,x,'
psdir='${docdir}'
runstatedir='${localstatedir}/run'
sbindir='${exec_prefix}/sbin'
sharedstatedir='${prefix}/com'
sysconfdir='${prefix}/etc'
target='arm-none-linux-gnueabihf'
target_alias=''
target_cpu='arm'
target_os='linux-gnueabihf'
target_vendor='none'

## ----------- ##
## confdefs.h. ##
## ----------- ##

/* confdefs.h */
#define PACKAGE_NAME "gstCamera1502"
#define PACKAGE_TARNAME "gstcamera1502"
#define PACKAGE_VERSION "1.0"
#define PACKAGE_STRING "gstCamera1502 1.0"
#define PACKAGE_BUGREPORT ""
#define PACKAGE_URL ""

configure: exit 1
